[2024-06-26T20:06:31-0300] Unknown of filetype lazy: setup() with o=nil
[2024-06-26T20:06:31-0300] kitty.conf: Testing for auto heuristic because of event BufWinEnter
[2024-06-26T20:06:31-0300] kitty.conf: Filetype: conf
[2024-06-26T20:06:31-0300] kitty.conf: Skipping heuristic mode because of allow/denylist
[2024-06-26T20:06:42-0300] Unknown of filetype : Testing for auto heuristic because of event BufWinEnter
[2024-06-26T20:06:42-0300] Unknown of filetype : Filetype: 
[2024-06-26T20:06:42-0300] Unknown of filetype : Skipping heuristic mode because of allow/denylist
[2024-06-26T20:06:43-0300] Unknown of filetype : Testing for auto heuristic because of event BufWinEnter
[2024-06-26T20:06:43-0300] Unknown of filetype : Filetype: 
[2024-06-26T20:06:43-0300] Unknown of filetype : Skipping heuristic mode because of allow/denylist
[2024-06-26T20:06:44-0300] Unknown of filetype : Testing for auto heuristic because of event BufWinEnter
[2024-06-26T20:06:44-0300] Unknown of filetype : Filetype: 
[2024-06-26T20:06:44-0300] Unknown of filetype : Skipping heuristic mode because of allow/denylist
[2024-06-26T21:06:36-0300] skhdrc: setup() with o=nil
[2024-06-26T21:06:36-0300] skhdrc: Testing for auto heuristic because of event BufWinEnter
[2024-06-26T21:06:36-0300] skhdrc: Filetype: 
[2024-06-26T21:06:36-0300] skhdrc: Skipping heuristic mode because of allow/denylist
[2024-06-26T21:06:09-0300] Unknown of filetype : Testing for auto heuristic because of event BufWinEnter
[2024-06-26T21:06:09-0300] Unknown of filetype : Filetype: 
[2024-06-26T21:06:09-0300] Unknown of filetype : Skipping heuristic mode because of allow/denylist
[2024-06-26T21:06:11-0300] Unknown of filetype : Testing for auto heuristic because of event BufWinEnter
[2024-06-26T21:06:11-0300] Unknown of filetype : Filetype: 
[2024-06-26T21:06:11-0300] Unknown of filetype : Skipping heuristic mode because of allow/denylist
[2024-06-26T21:06:57-0300] kitty.conf: setup() with o=nil
[2024-06-26T21:06:57-0300] kitty.conf: Testing for auto heuristic because of event BufWinEnter
[2024-06-26T21:06:57-0300] kitty.conf: Filetype: conf
[2024-06-26T21:06:57-0300] kitty.conf: Skipping heuristic mode because of allow/denylist
[2024-06-26T21:06:29-0300] Unknown of filetype : Testing for auto heuristic because of event BufWinEnter
[2024-06-26T21:06:29-0300] Unknown of filetype : Filetype: 
[2024-06-26T21:06:29-0300] Unknown of filetype : Skipping heuristic mode because of allow/denylist
[2024-06-26T21:06:30-0300] Unknown of filetype : Testing for auto heuristic because of event BufWinEnter
[2024-06-26T21:06:30-0300] Unknown of filetype : Filetype: 
[2024-06-26T21:06:30-0300] Unknown of filetype : Skipping heuristic mode because of allow/denylist
[2024-06-26T21:06:31-0300] Unknown of filetype : Testing for auto heuristic because of event BufWinEnter
[2024-06-26T21:06:31-0300] Unknown of filetype : Filetype: 
[2024-06-26T21:06:31-0300] Unknown of filetype : Skipping heuristic mode because of allow/denylist
[2024-06-26T22:06:47-0300] skhdrc: setup() with o=nil
[2024-06-26T22:06:47-0300] skhdrc: Testing for auto heuristic because of event BufWinEnter
[2024-06-26T22:06:47-0300] skhdrc: Filetype: 
[2024-06-26T22:06:47-0300] skhdrc: Skipping heuristic mode because of allow/denylist
[2024-06-26T22:06:01-0300] skhdrc: setup() with o=nil
[2024-06-26T22:06:01-0300] skhdrc: Testing for auto heuristic because of event BufWinEnter
[2024-06-26T22:06:01-0300] skhdrc: Filetype: conf
[2024-06-26T22:06:01-0300] skhdrc: Skipping heuristic mode because of allow/denylist
[2024-06-26T22:06:35-0300] Unknown of filetype : Testing for auto heuristic because of event BufWinEnter
[2024-06-26T22:06:35-0300] Unknown of filetype : Filetype: 
[2024-06-26T22:06:35-0300] Unknown of filetype : Skipping heuristic mode because of allow/denylist
[2024-06-26T22:06:36-0300] Unknown of filetype : Testing for auto heuristic because of event BufWinEnter
[2024-06-26T22:06:36-0300] Unknown of filetype : Filetype: 
[2024-06-26T22:06:36-0300] Unknown of filetype : Skipping heuristic mode because of allow/denylist
[2024-06-26T22:06:38-0300] Unknown of filetype : Testing for auto heuristic because of event BufWinEnter
[2024-06-26T22:06:38-0300] Unknown of filetype : Filetype: 
[2024-06-26T22:06:38-0300] Unknown of filetype : Skipping heuristic mode because of allow/denylist
[2024-06-26T22:06:38-0300] Unknown of filetype : Testing for auto heuristic because of event BufWinEnter
[2024-06-26T22:06:38-0300] Unknown of filetype : Filetype: 
[2024-06-26T22:06:38-0300] Unknown of filetype : Skipping heuristic mode because of allow/denylist
[2024-06-26T22:06:39-0300] Unknown of filetype : Testing for auto heuristic because of event BufWinEnter
[2024-06-26T22:06:39-0300] Unknown of filetype : Filetype: 
[2024-06-26T22:06:39-0300] Unknown of filetype : Skipping heuristic mode because of allow/denylist
[2024-06-26T23:06:38-0300] icons.sh: setup() with o=nil
[2024-06-26T23:06:39-0300] icons.sh: Testing for auto heuristic because of event BufWinEnter
[2024-06-26T23:06:39-0300] icons.sh: Filetype: sh
[2024-06-26T23:06:39-0300] icons.sh: Skipping heuristic mode because of allow/denylist
[2024-06-27T12:06:27-0300] sketchybarrc: setup() with o=nil
[2024-06-27T12:06:28-0300] sketchybarrc: Testing for auto heuristic because of event BufWinEnter
[2024-06-27T12:06:28-0300] sketchybarrc: Filetype: sh
[2024-06-27T12:06:28-0300] sketchybarrc: Skipping heuristic mode because of allow/denylist
[2024-06-27T12:06:33-0300] Unknown of filetype : Testing for auto heuristic because of event BufWinEnter
[2024-06-27T12:06:33-0300] Unknown of filetype : Filetype: 
[2024-06-27T12:06:33-0300] Unknown of filetype : Skipping heuristic mode because of allow/denylist
[2024-06-27T12:06:33-0300] Unknown of filetype vim: Testing for auto heuristic because of event OptionSet
[2024-06-27T12:06:33-0300] Unknown of filetype vim: Filetype: vim
[2024-06-27T12:06:33-0300] Unknown of filetype vim: Skipping heuristic mode because of allow/denylist
[2024-06-27T12:06:07-0300] sketchybarrc: setup() with o=nil
[2024-06-27T12:06:07-0300] sketchybarrc: Testing for auto heuristic because of event BufWinEnter
[2024-06-27T12:06:07-0300] sketchybarrc: Filetype: sh
[2024-06-27T12:06:07-0300] sketchybarrc: Skipping heuristic mode because of allow/denylist
[2024-06-28T00:06:30-0300] my-script.sh: setup() with o=nil
[2024-06-28T00:06:31-0300] my-script.sh: Testing for auto heuristic because of event BufWinEnter
[2024-06-28T00:06:31-0300] my-script.sh: Filetype: sh
[2024-06-28T00:06:31-0300] my-script.sh: Skipping heuristic mode because of allow/denylist
[2024-06-28T00:06:36-0300] Unknown of filetype : Testing for auto heuristic because of event BufWinEnter
[2024-06-28T00:06:36-0300] Unknown of filetype : Filetype: 
[2024-06-28T00:06:36-0300] Unknown of filetype : Skipping heuristic mode because of allow/denylist
[2024-06-28T00:06:37-0300] Unknown of filetype : Testing for auto heuristic because of event BufWinEnter
[2024-06-28T00:06:37-0300] Unknown of filetype : Filetype: 
[2024-06-28T00:06:37-0300] Unknown of filetype : Skipping heuristic mode because of allow/denylist
[2024-06-28T00:06:38-0300] Unknown of filetype : Testing for auto heuristic because of event BufWinEnter
[2024-06-28T00:06:38-0300] Unknown of filetype : Filetype: 
[2024-06-28T00:06:38-0300] Unknown of filetype : Skipping heuristic mode because of allow/denylist
[2024-06-28T00:06:38-0300] Unknown of filetype : Testing for auto heuristic because of event BufWinEnter
[2024-06-28T00:06:38-0300] Unknown of filetype : Filetype: 
[2024-06-28T00:06:38-0300] Unknown of filetype : Skipping heuristic mode because of allow/denylist
[2024-06-28T00:06:43-0300] Unknown of filetype : Testing for auto heuristic because of event BufWinEnter
[2024-06-28T00:06:43-0300] Unknown of filetype : Filetype: 
[2024-06-28T00:06:43-0300] Unknown of filetype : Skipping heuristic mode because of allow/denylist
[2024-06-28T00:06:43-0300] Unknown of filetype : Testing for auto heuristic because of event BufWinEnter
[2024-06-28T00:06:43-0300] Unknown of filetype : Filetype: 
[2024-06-28T00:06:43-0300] Unknown of filetype : Skipping heuristic mode because of allow/denylist
[2024-06-30T00:06:37-0300] Dekstop: setup() with o=nil
[2024-06-30T00:06:37-0300] Dekstop: Testing for auto heuristic because of event BufWinEnter
[2024-06-30T00:06:37-0300] Dekstop: Filetype: 
[2024-06-30T00:06:37-0300] Dekstop: Skipping heuristic mode because of allow/denylist
[2024-06-30T21:06:31-0300] skhd: setup() with o=nil
[2024-06-30T21:06:31-0300] skhd: Testing for auto heuristic because of event BufWinEnter
[2024-06-30T21:06:31-0300] skhd: Filetype: 
[2024-06-30T21:06:31-0300] skhd: Skipping heuristic mode because of allow/denylist
[2024-07-01T20:07:15-0300] asii: setup() with o=nil
[2024-07-01T20:07:16-0300] asii: Testing for auto heuristic because of event BufWinEnter
[2024-07-01T20:07:16-0300] asii: Filetype: 
[2024-07-01T20:07:16-0300] asii: Skipping heuristic mode because of allow/denylist
[2024-07-01T20:07:15-0300] Unknown of filetype : Testing for auto heuristic because of event BufWinEnter
[2024-07-01T20:07:15-0300] Unknown of filetype : Filetype: 
[2024-07-01T20:07:15-0300] Unknown of filetype : Skipping heuristic mode because of allow/denylist
[2024-07-01T20:07:33-0300] Unknown of filetype : Testing for auto heuristic because of event BufWinEnter
[2024-07-01T20:07:33-0300] Unknown of filetype : Filetype: 
[2024-07-01T20:07:33-0300] Unknown of filetype : Skipping heuristic mode because of allow/denylist
[2024-07-01T20:07:34-0300] /opt/homebrew/Cellar/neovim/0.10.0/share/nvim/runtime/doc/vim_diff.txt: Testing for auto heuristic because of event OptionSet
[2024-07-01T20:07:34-0300] /opt/homebrew/Cellar/neovim/0.10.0/share/nvim/runtime/doc/vim_diff.txt: Filetype: help
[2024-07-01T20:07:34-0300] /opt/homebrew/Cellar/neovim/0.10.0/share/nvim/runtime/doc/vim_diff.txt: About to set mode heuristically
[2024-07-01T20:07:34-0300] /opt/homebrew/Cellar/neovim/0.10.0/share/nvim/runtime/doc/vim_diff.txt: Buftype is help, ignoring
[2024-07-01T20:07:34-0300] /opt/homebrew/Cellar/neovim/0.10.0/share/nvim/runtime/doc/vim_diff.txt: Testing for auto heuristic because of event BufWinEnter
[2024-07-01T20:07:34-0300] /opt/homebrew/Cellar/neovim/0.10.0/share/nvim/runtime/doc/vim_diff.txt: Filetype: help
[2024-07-01T20:07:34-0300] /opt/homebrew/Cellar/neovim/0.10.0/share/nvim/runtime/doc/vim_diff.txt: About to set mode heuristically
[2024-07-01T20:07:34-0300] /opt/homebrew/Cellar/neovim/0.10.0/share/nvim/runtime/doc/vim_diff.txt: Buftype is help, ignoring
